SF:lib\widgets\movie_slider.dart
DA:4,7
DA:8,2
DA:10,2
DA:13,2
DA:16,2
DA:17,2
DA:19,2
DA:20,2
DA:21,2
LF:9
LH:9
end_of_record
SF:lib\widgets\trending_slider.dart
DA:4,7
DA:8,2
DA:10,2
DA:12,2
DA:14,2
DA:23,2
DA:24,2
DA:25,2
DA:26,2
LF:9
LH:9
end_of_record
SF:lib\pages\explore_screen.dart
DA:6,7
DA:8,2
DA:10,2
DA:11,2
LF:4
LH:4
end_of_record
SF:lib\widgets\search_bar.dart
DA:13,8
DA:15,5
DA:17,5
DA:27,1
DA:28,2
DA:32,2
DA:34,2
DA:36,4
DA:38,4
DA:39,4
DA:40,2
DA:43,4
DA:45,4
DA:46,2
DA:47,2
DA:48,2
DA:49,4
DA:51,6
DA:52,2
DA:53,2
DA:54,2
DA:55,2
DA:56,4
DA:57,2
DA:61,2
DA:68,6
DA:72,0
DA:77,1
DA:81,1
DA:83,1
DA:85,1
DA:88,2
DA:89,2
DA:90,2
DA:91,2
DA:94,1
DA:95,1
DA:96,1
DA:100,2
DA:101,2
DA:102,1
DA:103,2
DA:104,2
DA:105,1
DA:113,1
DA:118,2
DA:119,2
DA:120,1
DA:121,1
DA:122,1
DA:124,1
DA:125,1
DA:126,3
DA:127,1
DA:132,2
DA:133,2
DA:134,1
DA:135,2
DA:136,4
DA:137,2
DA:144,2
DA:145,2
DA:146,1
DA:147,1
DA:148,1
DA:149,1
DA:150,1
DA:151,1
DA:156,0
DA:160,3
DA:162,3
DA:163,0
DA:164,0
DA:165,0
DA:167,3
DA:169,3
DA:170,3
DA:171,3
DA:173,9
DA:174,3
DA:175,3
DA:178,3
DA:180,3
DA:181,0
DA:182,0
DA:184,0
DA:185,0
DA:186,0
DA:190,0
DA:191,0
DA:192,0
DA:193,0
DA:195,0
DA:196,0
DA:197,0
DA:203,3
DA:204,3
DA:205,0
DA:206,0
DA:218,0
DA:219,0
DA:220,0
DA:223,3
DA:226,3
DA:234,6
DA:245,12
DA:246,0
DA:247,0
DA:248,0
DA:249,0
DA:250,0
DA:252,0
DA:253,0
DA:256,0
DA:258,0
DA:259,0
DA:260,0
DA:261,0
DA:263,0
DA:265,0
DA:266,0
DA:267,0
DA:272,0
DA:277,0
DA:283,0
DA:284,0
DA:285,0
DA:286,0
DA:287,0
DA:288,0
DA:290,0
DA:293,0
DA:294,0
DA:304,0
DA:305,0
DA:310,0
DA:311,0
DA:312,0
DA:325,0
DA:326,0
DA:327,0
DA:328,0
DA:337,0
DA:342,0
DA:343,0
DA:346,0
DA:348,0
DA:349,0
DA:350,0
DA:351,0
DA:352,0
DA:353,0
DA:385,0
LF:153
LH:84
end_of_record
SF:lib\methods\movie.dart
DA:15,2
DA:30,0
DA:31,0
DA:32,0
DA:33,0
DA:34,0
DA:35,0
DA:38,0
DA:39,0
DA:40,0
DA:41,0
DA:42,0
DA:43,0
DA:44,0
DA:45,0
DA:46,0
DA:47,0
DA:48,0
LF:18
LH:1
end_of_record
SF:lib\pages\film_screen.dart
DA:7,0
DA:11,0
DA:12,0
DA:13,0
DA:14,0
DA:18,0
DA:20,0
DA:22,0
DA:23,0
DA:24,0
DA:25,0
DA:29,0
DA:31,0
DA:33,0
DA:34,0
DA:35,0
DA:47,0
DA:48,0
DA:49,0
DA:50,0
DA:51,0
DA:52,0
DA:55,0
DA:56,0
DA:57,0
DA:58,0
DA:61,0
DA:62,0
DA:71,0
DA:76,0
DA:77,0
DA:84,0
DA:85,0
DA:87,0
DA:88,0
DA:90,0
DA:91,0
DA:92,0
DA:93,0
DA:94,0
DA:100,0
DA:101,0
DA:103,0
DA:104,0
DA:105,0
DA:106,0
DA:107,0
DA:108,0
DA:111,0
DA:112,0
DA:113,0
DA:114,0
DA:117,0
DA:118,0
DA:128,0
DA:129,0
DA:139,0
DA:140,0
DA:141,0
DA:153,0
DA:154,0
DA:164,0
DA:165,0
DA:166,0
DA:178,0
DA:179,0
DA:189,0
DA:190,0
DA:191,0
DA:203,0
DA:204,0
DA:205,0
DA:206,0
DA:208,0
DA:209,0
DA:210,0
DA:228,0
DA:229,0
DA:231,0
DA:232,0
DA:234,0
DA:235,0
DA:236,0
DA:238,0
DA:239,0
DA:248,0
DA:249,0
DA:259,0
DA:261,0
DA:262,0
DA:263,0
DA:265,0
DA:266,0
DA:275,0
DA:276,0
DA:294,0
DA:295,0
LF:97
LH:0
end_of_record
SF:lib\pages\filter_film_screen.dart
DA:8,1
DA:13,1
DA:14,1
DA:19,1
DA:21,1
DA:24,1
DA:26,1
DA:27,1
DA:42,1
DA:43,1
DA:44,2
LF:11
LH:11
end_of_record
SF:lib\widgets\swiper.dart
DA:11,1
DA:16,1
DA:17,1
DA:23,1
DA:25,1
DA:28,1
DA:31,3
DA:32,0
DA:34,0
DA:35,0
DA:37,0
DA:38,0
DA:39,0
DA:40,0
DA:41,0
DA:42,0
DA:44,0
DA:51,0
DA:52,0
DA:53,0
DA:54,0
DA:55,0
DA:56,0
DA:57,0
DA:58,0
DA:82,0
DA:88,0
DA:90,0
DA:91,0
DA:93,0
DA:95,0
DA:99,0
DA:101,0
DA:102,0
DA:103,0
DA:105,0
DA:116,0
DA:118,0
DA:120,0
DA:124,0
DA:126,0
DA:127,0
DA:128,0
LF:43
LH:7
end_of_record
SF:lib\widgets\card_filter_widget.dart
DA:9,10
DA:15,4
DA:16,4
DA:19,4
DA:21,4
DA:25,4
DA:28,4
DA:31,4
DA:32,4
DA:33,8
DA:38,4
DA:39,4
DA:40,4
DA:53,4
DA:54,4
DA:57,4
DA:59,4
DA:63,4
DA:66,4
DA:69,4
DA:70,4
DA:71,8
DA:76,4
DA:77,4
DA:78,4
DA:91,4
DA:93,4
DA:94,4
DA:95,4
LF:29
LH:29
end_of_record
SF:lib\widgets\filters_widget.dart
DA:10,8
DA:12,4
DA:14,4
DA:28,4
DA:30,4
DA:31,8
DA:32,8
DA:35,4
DA:37,8
DA:38,8
DA:39,4
DA:42,4
DA:44,4
DA:46,4
DA:48,4
DA:50,4
DA:54,4
DA:57,4
DA:59,4
DA:71,12
DA:72,4
DA:74,9
DA:75,1
DA:77,9
DA:78,1
DA:86,4
DA:87,4
DA:89,4
DA:104,4
DA:105,4
DA:109,4
DA:111,4
DA:112,4
DA:114,4
DA:115,4
DA:116,4
DA:117,0
DA:119,0
DA:120,0
DA:121,0
DA:124,0
DA:125,0
DA:134,4
DA:135,0
DA:137,0
DA:138,0
DA:139,0
DA:142,0
DA:143,0
DA:152,4
DA:153,0
DA:155,0
DA:156,0
DA:157,0
DA:160,0
DA:161,0
DA:170,4
DA:171,0
DA:173,0
DA:174,0
DA:175,0
DA:178,0
DA:179,0
DA:188,4
DA:189,0
DA:191,0
DA:192,0
DA:193,0
DA:196,0
DA:197,0
DA:206,4
DA:207,0
DA:209,0
DA:210,0
DA:211,0
DA:214,0
DA:215,0
DA:224,4
DA:225,0
DA:227,0
DA:228,0
DA:229,0
DA:232,0
DA:233,0
DA:242,4
DA:243,0
DA:245,0
DA:246,0
DA:247,0
DA:250,0
DA:251,0
DA:260,4
DA:261,0
DA:263,0
DA:264,0
DA:265,0
DA:268,0
DA:269,0
DA:278,4
DA:279,0
DA:281,0
DA:282,0
DA:283,0
DA:286,0
DA:287,0
DA:296,4
DA:297,0
DA:299,0
DA:300,0
DA:301,0
DA:304,0
DA:305,0
DA:314,4
DA:315,0
DA:317,0
DA:318,0
DA:319,0
DA:322,0
DA:323,0
DA:332,4
DA:333,0
DA:335,0
DA:336,0
DA:337,0
DA:340,0
DA:341,0
DA:350,4
DA:351,0
DA:353,0
DA:354,0
DA:355,0
DA:358,0
DA:359,0
DA:368,4
DA:369,0
DA:371,0
DA:372,0
DA:373,0
DA:376,0
DA:377,0
DA:386,4
DA:387,0
DA:389,0
DA:390,0
DA:391,0
DA:394,0
DA:395,0
DA:404,4
DA:405,0
DA:407,0
DA:408,0
DA:409,0
DA:412,0
DA:413,0
DA:422,4
DA:423,0
DA:425,0
DA:426,0
DA:427,0
DA:430,0
DA:431,0
DA:440,4
DA:441,0
DA:443,0
DA:444,0
DA:445,0
DA:448,0
DA:449,0
DA:465,4
DA:466,1
DA:467,2
DA:468,2
DA:469,2
DA:472,4
DA:475,4
DA:476,4
DA:496,1
DA:497,1
DA:499,1
DA:514,1
DA:515,1
DA:519,1
DA:521,1
DA:522,1
DA:524,1
DA:525,1
DA:526,1
DA:527,0
DA:529,0
DA:530,0
DA:531,0
DA:534,0
DA:535,0
DA:544,1
DA:545,0
DA:547,0
DA:548,0
DA:549,0
DA:552,0
DA:553,0
DA:562,1
DA:563,0
DA:565,0
DA:566,0
DA:567,0
DA:570,0
DA:571,0
DA:580,1
DA:581,0
DA:583,0
DA:584,0
DA:585,0
DA:588,0
DA:589,0
DA:598,1
DA:599,0
DA:601,0
DA:602,0
DA:603,0
DA:606,0
DA:607,0
DA:623,1
DA:625,1
DA:626,1
DA:627,0
DA:628,0
DA:629,0
DA:630,0
DA:633,1
DA:636,1
DA:637,1
DA:653,1
DA:654,1
DA:655,2
DA:657,2
DA:658,2
DA:661,1
DA:664,1
DA:665,1
DA:687,1
DA:688,1
DA:690,1
DA:705,1
DA:707,1
DA:708,1
DA:709,1
DA:710,1
DA:711,0
DA:712,0
DA:713,0
DA:714,0
DA:715,0
DA:717,0
DA:719,0
DA:720,0
DA:721,0
DA:722,0
DA:723,0
DA:727,1
DA:730,1
DA:732,1
DA:736,1
DA:764,1
DA:765,1
DA:766,0
DA:769,1
DA:772,1
DA:774,1
DA:778,1
DA:812,1
DA:813,0
DA:814,0
DA:816,0
DA:819,1
DA:822,1
DA:823,1
DA:845,0
DA:847,0
DA:848,0
DA:849,0
DA:850,0
DA:852,0
DA:853,0
DA:854,0
DA:856,0
DA:857,0
DA:858,0
DA:864,0
DA:865,0
DA:867,0
DA:868,0
DA:869,0
DA:871,0
DA:873,0
DA:874,0
DA:875,0
DA:876,0
DA:877,0
DA:878,0
DA:879,0
DA:880,0
DA:881,0
DA:882,0
DA:887,0
DA:895,0
LF:305
LH:113
end_of_record
SF:lib\pages\principal_screen.dart
DA:10,4
DA:12,3
DA:14,3
DA:27,1
DA:28,2
DA:29,1
DA:33,3
DA:35,3
DA:37,3
DA:39,3
DA:41,3
DA:47,3
DA:74,6
LF:13
LH:13
end_of_record
SF:lib\pages\initial_screen.dart
DA:6,7
DA:8,3
DA:11,9
DA:13,3
DA:15,3
DA:16,3
DA:18,3
DA:19,6
DA:20,3
DA:21,3
LF:10
LH:10
end_of_record
SF:lib\methods\user.dart
DA:8,6
LF:1
LH:1
end_of_record
SF:lib\pages\edit_profile_screen.dart
DA:15,6
DA:17,0
DA:19,0
DA:27,0
DA:29,0
DA:30,0
DA:31,0
DA:35,0
DA:36,0
DA:37,0
DA:40,0
DA:41,0
DA:46,0
DA:48,0
DA:50,0
DA:57,0
DA:60,0
DA:61,0
DA:62,0
DA:63,0
DA:69,0
DA:71,0
DA:72,0
DA:77,0
DA:79,0
DA:80,0
DA:85,0
DA:87,0
DA:89,0
DA:94,0
DA:96,0
DA:97,0
DA:98,0
DA:99,0
DA:100,0
DA:102,0
DA:103,0
DA:107,0
DA:110,0
DA:111,0
DA:131,0
DA:132,0
DA:133,0
DA:134,0
DA:136,0
DA:139,0
DA:140,0
DA:162,0
DA:163,0
DA:164,0
DA:166,0
DA:169,0
DA:172,0
DA:173,0
LF:54
LH:1
end_of_record
SF:lib\widgets\profile_widget.dart
DA:9,2
DA:16,2
DA:18,2
DA:19,2
DA:20,2
DA:21,2
DA:22,2
DA:23,2
DA:25,4
DA:26,0
DA:27,0
DA:31,0
DA:32,0
DA:35,2
DA:40,2
DA:41,2
DA:47,2
DA:50,2
DA:51,2
DA:54,2
DA:55,2
DA:58,2
DA:59,2
LF:23
LH:19
end_of_record
SF:lib\widgets\change_password_widget.dart
DA:9,0
DA:11,0
DA:13,0
DA:15,0
DA:16,0
DA:26,0
DA:27,0
DA:29,0
DA:30,0
DA:31,0
DA:36,0
DA:42,0
DA:43,0
DA:45,0
DA:46,0
DA:51,0
DA:52,0
DA:62,0
DA:63,0
DA:68,0
DA:74,0
DA:75,0
DA:77,0
DA:78,0
DA:83,0
DA:84,0
DA:94,0
DA:95,0
DA:100,0
DA:106,0
DA:107,0
DA:109,0
DA:110,0
DA:115,0
DA:116,0
DA:126,0
DA:127,0
DA:128,0
DA:129,0
DA:136,0
DA:137,0
DA:138,0
DA:139,0
DA:140,0
DA:142,0
LF:45
LH:0
end_of_record
SF:lib\widgets\delete_account_widget.dart
DA:3,0
DA:4,0
DA:6,0
DA:7,0
DA:9,0
DA:10,0
DA:24,0
DA:25,0
DA:26,0
DA:27,0
DA:34,0
DA:35,0
DA:36,0
DA:37,0
LF:14
LH:0
end_of_record
SF:lib\widgets\text_field_widget.dart
DA:9,1
DA:16,1
DA:18,1
DA:24,1
DA:26,1
DA:28,4
DA:31,1
DA:33,2
DA:35,1
DA:38,1
DA:40,1
DA:42,1
DA:43,1
DA:44,2
DA:51,1
DA:52,1
DA:53,2
DA:57,1
DA:58,1
DA:59,1
DA:61,1
DA:62,1
DA:67,1
DA:68,1
LF:24
LH:24
end_of_record
SF:lib\pages\profile_screen.dart
DA:9,13
DA:11,2
DA:22,2
DA:24,2
DA:26,2
DA:30,2
DA:32,2
DA:36,2
DA:37,2
DA:38,0
DA:39,0
DA:41,0
DA:42,0
DA:51,2
DA:53,2
DA:54,2
DA:55,2
DA:64,2
DA:65,2
DA:74,2
DA:75,2
DA:101,2
DA:104,2
DA:106,2
DA:107,2
DA:214,2
DA:216,2
DA:218,2
DA:229,2
DA:230,2
DA:240,2
DA:241,0
DA:243,2
DA:246,2
DA:247,2
DA:248,2
DA:263,2
DA:266,2
DA:267,2
DA:268,2
DA:280,2
DA:281,0
DA:283,2
DA:286,2
DA:287,2
DA:288,2
DA:303,2
DA:306,2
DA:307,2
DA:308,2
DA:323,2
DA:324,0
DA:326,2
DA:329,2
DA:330,2
DA:331,2
DA:346,2
DA:349,2
DA:350,2
DA:351,2
LF:60
LH:53
end_of_record
SF:lib\pages\friends_screen.dart
DA:4,6
DA:6,1
LF:2
LH:2
end_of_record
SF:lib\main.dart
DA:5,0
DA:7,0
DA:9,0
DA:10,0
DA:13,0
DA:15,0
DA:16,0
DA:21,0
DA:25,3
DA:27,1
DA:29,1
DA:31,1
DA:32,1
DA:41,2
DA:43,1
DA:45,2
DA:46,2
DA:47,2
LF:18
LH:10
end_of_record
SF:lib\pages\login_screen.dart
DA:5,3
DA:7,1
DA:10,3
DA:12,1
DA:13,1
DA:15,1
DA:16,2
DA:28,1
DA:29,1
DA:30,1
DA:32,1
DA:33,1
LF:12
LH:12
end_of_record
