TN:
SF:lib\main.dart
FNF:0
FNH:0
DA:8,0
DA:10,0
DA:11,0
DA:12,0
DA:13,0
DA:15,0
DA:18,0
DA:20,0
DA:21,0
DA:26,0
DA:30,3
DA:32,1
DA:34,1
DA:36,1
DA:37,1
DA:46,2
DA:48,1
DA:50,2
DA:51,2
DA:52,2
LF:20
LH:10
end_of_record
TN:
SF:lib\methods\api.dart
FNF:0
FNH:0
DA:17,4
DA:18,8
DA:19,8
DA:20,6
DA:21,4
DA:22,2
DA:23,2
DA:24,2
DA:25,2
DA:31,2
DA:35,2
DA:37,2
DA:41,4
DA:42,8
DA:43,8
DA:44,6
DA:45,4
DA:46,2
DA:47,2
DA:48,2
DA:49,2
DA:55,2
DA:60,2
DA:64,2
DA:68,3
DA:69,6
DA:70,6
DA:71,3
DA:72,2
DA:73,1
DA:74,1
DA:75,1
DA:76,1
DA:82,1
DA:87,1
DA:91,2
LF:36
LH:36
end_of_record
TN:
SF:lib\methods\movie.dart
FNF:0
FNH:0
DA:15,10
DA:30,2
DA:31,2
DA:32,2
DA:33,1
DA:34,3
DA:35,1
DA:38,2
DA:39,2
DA:40,2
DA:41,2
DA:42,2
DA:43,2
DA:44,2
DA:45,4
DA:46,2
DA:47,2
DA:48,2
DA:54,1
DA:55,1
DA:56,1
DA:57,1
DA:58,1
DA:59,1
DA:60,1
DA:61,1
DA:62,1
DA:63,1
DA:64,1
DA:65,1
DA:66,1
DA:70,1
DA:72,1
DA:73,1
DA:74,2
DA:75,3
DA:76,1
DA:78,0
DA:79,0
DA:83,1
DA:87,1
DA:88,1
DA:89,1
DA:90,1
DA:91,1
DA:92,1
DA:93,1
DA:94,2
DA:95,1
DA:96,1
DA:97,1
DA:99,1
DA:112,3
LF:53
LH:51
end_of_record
TN:
SF:lib\methods\room_logic.dart
FNF:0
FNH:0
DA:7,1
DA:9,1
DA:11,1
DA:12,5
DA:13,1
DA:20,1
DA:23,1
DA:24,1
DA:25,1
DA:26,1
DA:28,2
DA:36,2
DA:37,3
DA:38,0
DA:41,1
DA:42,1
DA:43,2
DA:44,1
DA:46,2
DA:48,0
DA:49,0
DA:50,0
DA:55,1
DA:56,4
DA:59,5
DA:60,1
DA:62,1
DA:63,2
DA:64,1
DA:65,1
DA:69,2
DA:74,1
DA:75,1
DA:76,0
DA:79,0
DA:80,0
DA:81,0
DA:82,0
DA:84,0
DA:86,0
DA:87,0
DA:88,0
DA:91,0
DA:92,0
DA:96,0
DA:97,0
DA:98,0
DA:99,0
DA:101,0
DA:107,0
DA:108,0
DA:109,0
DA:110,0
DA:112,0
DA:113,0
DA:116,0
DA:120,0
DA:121,0
DA:124,0
DA:125,0
DA:129,0
DA:130,0
DA:133,0
DA:136,0
DA:138,0
DA:139,0
DA:143,0
DA:145,0
DA:149,1
DA:150,1
DA:151,0
DA:154,0
DA:155,0
DA:156,0
DA:157,0
DA:159,0
DA:160,0
DA:163,0
DA:164,0
DA:167,0
DA:168,0
DA:171,0
DA:174,0
DA:175,0
DA:177,0
DA:178,0
DA:179,0
DA:182,0
DA:183,0
DA:187,0
DA:188,0
DA:192,0
DA:196,0
DA:197,0
DA:198,0
DA:199,0
DA:200,0
DA:204,1
DA:207,1
DA:208,1
DA:209,1
DA:210,1
DA:212,2
DA:213,0
DA:218,2
DA:219,2
DA:222,1
DA:224,0
DA:225,0
DA:230,1
DA:232,1
DA:233,1
DA:234,1
DA:235,1
DA:237,2
DA:238,0
DA:242,3
DA:244,1
DA:247,1
DA:248,1
DA:249,1
DA:250,1
DA:251,1
DA:252,2
DA:253,2
DA:254,1
DA:257,3
DA:258,2
DA:260,1
DA:261,2
DA:263,1
DA:264,1
DA:265,1
DA:266,1
DA:268,1
DA:269,2
DA:271,2
DA:274,0
DA:280,0
DA:284,0
DA:293,1
DA:294,3
DA:297,3
DA:298,1
DA:300,1
DA:301,1
LF:146
LH:73
end_of_record
TN:
SF:lib\pages\auth_pages\auth_page.dart
FNF:0
FNH:0
DA:8,13
DA:10,10
DA:12,8
DA:13,18
DA:14,8
DA:15,16
DA:16,8
DA:18,8
LF:8
LH:8
end_of_record
TN:
SF:lib\pages\auth_pages\login_screen.dart
FNF:0
FNH:0
DA:13,8
DA:18,6
DA:21,36
DA:22,0
DA:24,0
DA:35,6
DA:38,12
DA:39,12
DA:40,12
DA:44,12
DA:45,0
DA:47,0
DA:51,0
DA:53,0
DA:59,0
DA:61,0
DA:62,0
DA:63,0
DA:70,0
DA:72,0
DA:74,0
DA:84,6
DA:85,6
DA:88,6
DA:89,6
DA:91,6
DA:92,6
DA:94,6
DA:96,6
DA:97,6
DA:126,0
DA:128,0
DA:131,0
DA:132,0
DA:139,0
DA:141,0
DA:142,0
DA:143,0
DA:147,0
DA:150,0
DA:151,0
DA:152,0
DA:153,0
DA:154,0
DA:155,0
DA:156,0
DA:157,0
DA:164,0
DA:166,0
DA:171,0
DA:172,0
DA:174,0
DA:185,8
DA:188,24
DA:190,8
DA:192,8
DA:194,8
DA:195,16
DA:196,8
DA:199,8
DA:204,8
DA:220,8
DA:221,8
DA:226,8
DA:227,8
DA:232,8
DA:233,2
DA:234,4
DA:236,2
DA:238,6
DA:241,8
DA:260,8
DA:261,6
DA:262,12
DA:263,6
DA:265,8
DA:268,8
DA:269,8
DA:286,8
DA:288,8
DA:289,8
DA:290,8
DA:291,8
DA:293,8
DA:303,8
DA:304,8
DA:306,8
DA:313,8
DA:314,8
DA:316,8
DA:317,8
DA:322,8
DA:323,8
DA:324,8
DA:326,0
DA:327,0
DA:328,0
DA:330,8
DA:334,8
DA:336,8
DA:337,8
DA:339,8
LF:102
LH:64
end_of_record
TN:
SF:lib\pages\auth_pages\register_screen.dart
FNF:0
FNH:0
DA:10,2
DA:18,2
DA:19,2
DA:22,2
DA:23,2
DA:25,2
DA:26,2
DA:28,2
DA:30,2
DA:31,2
DA:60,2
DA:61,4
DA:62,4
DA:63,4
DA:64,4
DA:66,2
DA:67,2
DA:68,2
DA:69,2
DA:70,0
DA:72,0
DA:82,4
DA:83,0
DA:85,0
DA:95,2
DA:96,0
DA:98,0
DA:108,4
DA:109,0
DA:111,0
DA:122,2
DA:125,2
DA:126,4
DA:127,4
DA:128,4
DA:136,2
DA:139,4
DA:145,2
DA:146,2
DA:147,6
DA:148,4
DA:156,4
DA:159,2
DA:161,4
DA:163,0
DA:165,0
DA:169,0
DA:171,0
DA:173,0
DA:179,0
DA:181,0
DA:182,0
DA:183,0
DA:190,0
DA:193,0
DA:195,0
DA:197,0
DA:207,2
DA:210,6
DA:212,2
DA:214,2
DA:216,2
DA:217,4
DA:218,2
DA:221,2
DA:226,2
DA:242,2
DA:243,2
DA:248,2
DA:249,2
DA:254,2
DA:255,2
DA:260,2
DA:261,2
DA:266,2
DA:267,0
DA:268,0
DA:269,0
DA:271,2
DA:290,2
DA:291,2
DA:292,4
DA:293,2
DA:295,2
DA:298,2
DA:299,2
LF:86
LH:62
end_of_record
TN:
SF:lib\pages\film_pages\add_film_diary_screen.dart
FNF:0
FNH:0
DA:34,2
DA:46,2
DA:48,2
DA:58,1
DA:63,1
DA:65,1
DA:66,1
DA:68,2
DA:69,0
DA:70,0
DA:71,0
DA:73,2
DA:74,2
DA:78,0
DA:80,0
DA:81,0
DA:84,0
DA:85,0
DA:87,0
DA:88,0
DA:89,0
DA:90,0
DA:91,0
DA:92,0
DA:106,0
DA:107,0
DA:108,0
DA:113,1
DA:115,3
DA:117,2
DA:119,0
DA:122,4
DA:123,1
DA:124,2
DA:125,3
DA:126,2
DA:127,1
DA:128,1
DA:131,1
DA:132,1
DA:133,1
DA:134,1
DA:138,0
DA:140,0
DA:150,0
DA:152,0
DA:154,0
DA:156,0
DA:159,0
DA:160,0
DA:163,0
DA:164,0
DA:165,0
DA:166,0
DA:167,0
DA:168,0
DA:169,0
DA:170,0
DA:173,0
DA:176,0
DA:179,0
DA:180,0
DA:181,0
DA:182,0
DA:184,0
DA:185,0
DA:186,0
DA:187,0
DA:188,0
DA:189,0
DA:190,0
DA:191,0
DA:193,0
DA:196,0
DA:197,0
DA:198,0
DA:199,0
DA:205,0
DA:206,0
DA:207,0
DA:212,0
DA:214,0
DA:224,0
DA:226,0
DA:228,0
DA:230,0
DA:233,0
DA:234,0
DA:237,0
DA:238,0
DA:239,0
DA:240,0
DA:242,0
DA:250,0
DA:253,0
DA:256,0
DA:257,0
DA:258,0
DA:259,0
DA:261,0
DA:262,0
DA:263,0
DA:264,0
DA:265,0
DA:266,0
DA:267,0
DA:268,0
DA:270,0
DA:273,0
DA:274,0
DA:275,0
DA:276,0
DA:282,0
DA:283,0
DA:284,0
DA:289,0
DA:291,0
DA:301,1
DA:303,2
DA:306,0
DA:309,1
DA:312,3
DA:314,1
DA:316,1
DA:317,1
DA:318,3
DA:319,2
DA:320,1
DA:325,0
DA:329,1
DA:331,2
DA:334,0
DA:337,1
DA:340,3
DA:342,1
DA:344,1
DA:345,1
DA:348,3
DA:349,0
DA:350,0
DA:351,0
DA:353,0
DA:356,0
DA:357,0
DA:358,0
DA:359,0
DA:361,0
DA:365,2
DA:367,0
DA:368,0
DA:370,0
DA:371,0
DA:373,0
DA:376,0
DA:380,1
DA:382,1
DA:383,0
DA:384,0
DA:387,1
DA:388,1
DA:395,1
DA:397,0
DA:398,0
DA:400,0
DA:403,1
DA:404,2
DA:405,0
DA:411,0
DA:412,0
DA:413,0
DA:415,0
DA:418,0
DA:431,1
DA:433,0
DA:434,0
DA:436,1
DA:438,1
DA:440,1
DA:441,1
DA:442,1
DA:443,1
DA:444,1
DA:445,3
DA:451,1
DA:452,1
DA:454,1
DA:455,1
DA:456,1
DA:457,1
DA:458,2
DA:459,1
DA:462,1
DA:463,1
DA:464,1
DA:465,1
DA:468,1
DA:469,2
DA:479,1
DA:480,5
DA:502,1
DA:504,1
DA:505,1
DA:517,1
DA:518,0
DA:519,1
DA:522,1
DA:524,1
DA:525,1
DA:530,1
DA:532,1
DA:533,1
DA:534,3
DA:557,1
DA:559,1
DA:561,2
DA:563,0
DA:564,0
DA:565,1
DA:571,1
DA:573,1
DA:574,1
DA:586,1
DA:587,3
DA:592,1
DA:596,1
DA:597,2
DA:606,1
DA:608,1
DA:609,1
DA:621,1
DA:622,0
DA:623,0
DA:624,0
DA:627,1
DA:631,1
DA:632,1
DA:640,1
DA:641,1
DA:644,1
DA:653,2
DA:654,1
DA:655,1
DA:656,1
DA:657,2
DA:658,0
DA:660,0
DA:670,4
DA:671,0
DA:673,0
DA:684,1
DA:685,2
DA:687,1
DA:690,1
DA:691,1
DA:704,2
DA:705,0
DA:706,0
DA:707,0
DA:708,0
DA:709,0
DA:711,0
DA:721,0
DA:722,0
DA:724,0
DA:735,0
DA:736,0
DA:738,0
DA:741,0
DA:742,0
DA:755,1
LF:270
LH:122
end_of_record
TN:
SF:lib\pages\film_pages\film_screen.dart
FNF:0
FNH:0
DA:20,3
DA:26,3
DA:28,3
DA:32,2
DA:34,0
DA:35,0
DA:36,0
DA:37,0
DA:44,2
DA:46,4
DA:49,1
DA:52,1
DA:55,3
DA:57,1
DA:59,1
DA:60,1
DA:61,4
DA:62,0
DA:63,0
DA:68,2
DA:72,1
DA:74,2
DA:77,0
DA:80,1
DA:83,3
DA:85,1
DA:87,1
DA:88,1
DA:90,4
DA:91,0
DA:92,0
DA:93,0
DA:95,0
DA:97,4
DA:98,2
DA:99,1
DA:101,1
DA:104,2
DA:106,0
DA:107,0
DA:109,0
DA:110,0
DA:112,0
DA:115,0
DA:119,2
DA:121,2
DA:122,2
DA:125,2
DA:127,2
DA:129,2
DA:130,2
DA:131,2
DA:132,2
DA:133,2
DA:134,2
DA:135,0
DA:136,0
DA:137,0
DA:140,0
DA:143,0
DA:144,0
DA:145,0
DA:146,0
DA:148,0
DA:149,0
DA:151,0
DA:155,0
DA:157,0
DA:158,0
DA:164,0
DA:166,0
DA:167,0
DA:171,0
DA:172,0
DA:174,0
DA:175,0
DA:178,0
DA:179,0
DA:192,2
DA:193,2
DA:194,4
DA:195,2
DA:196,2
DA:197,0
DA:198,0
DA:199,0
DA:200,0
DA:201,0
DA:204,0
DA:205,0
DA:206,0
DA:207,0
DA:210,0
DA:211,0
DA:221,2
DA:226,2
DA:227,8
DA:236,2
DA:237,2
DA:239,2
DA:240,2
DA:242,2
DA:243,2
DA:244,2
DA:245,2
DA:246,8
DA:252,2
DA:253,2
DA:255,2
DA:256,2
DA:257,2
DA:258,2
DA:259,6
DA:260,2
DA:263,2
DA:264,2
DA:265,2
DA:266,2
DA:269,2
DA:270,6
DA:280,2
DA:281,2
DA:291,2
DA:292,2
DA:293,8
DA:305,2
DA:306,2
DA:316,2
DA:317,2
DA:318,8
DA:330,2
DA:331,2
DA:341,2
DA:342,2
DA:343,6
DA:355,2
DA:356,8
DA:357,0
DA:358,0
DA:360,2
DA:362,8
DA:363,0
DA:381,2
DA:382,2
DA:384,2
DA:385,2
DA:387,2
DA:388,2
DA:389,2
DA:391,2
DA:392,2
DA:401,2
DA:402,6
DA:412,2
DA:414,2
DA:415,2
DA:416,2
DA:418,2
DA:419,2
DA:428,2
DA:429,8
DA:447,2
DA:448,6
DA:457,2
DA:458,2
DA:459,1
DA:460,1
DA:462,1
DA:463,2
DA:464,3
DA:465,3
DA:466,3
DA:467,3
DA:477,2
DA:482,2
DA:483,2
DA:503,2
DA:506,2
DA:507,2
DA:508,2
DA:512,2
DA:513,2
DA:521,2
DA:522,2
LF:184
LH:130
end_of_record
TN:
SF:lib\pages\film_pages\filter_film_screen.dart
FNF:0
FNH:0
DA:8,2
DA:13,2
DA:14,2
DA:18,2
DA:20,2
DA:23,2
DA:25,2
DA:27,2
DA:28,2
DA:30,2
DA:48,2
DA:49,2
DA:50,4
LF:13
LH:13
end_of_record
TN:
SF:lib\pages\film_pages\filter_grupal.dart
FNF:0
FNH:0
DA:10,0
DA:17,0
DA:18,0
DA:22,0
DA:24,0
DA:27,0
DA:29,0
DA:30,0
DA:45,0
DA:46,0
DA:47,0
DA:48,0
DA:49,0
LF:13
LH:0
end_of_record
TN:
SF:lib\pages\menu_pages\explore_screen.dart
FNF:0
FNH:0
DA:8,34
DA:10,3
DA:11,3
DA:17,3
DA:19,3
DA:20,9
DA:21,6
DA:22,6
DA:23,6
DA:27,3
DA:30,9
DA:32,3
DA:34,3
DA:35,3
DA:36,3
DA:37,6
DA:39,2
DA:40,1
DA:41,1
DA:42,2
DA:46,1
DA:47,2
DA:48,2
DA:49,2
DA:51,1
DA:53,1
DA:55,1
DA:57,1
DA:58,2
DA:59,1
DA:60,1
DA:79,1
DA:93,1
DA:107,1
LF:34
LH:34
end_of_record
TN:
SF:lib\pages\menu_pages\initial_screen.dart
FNF:0
FNH:0
DA:6,34
DA:8,10
DA:10,10
DA:16,10
DA:19,30
DA:21,10
DA:23,10
DA:24,10
DA:26,10
DA:27,20
DA:28,10
DA:29,10
DA:36,10
DA:37,1
DA:38,2
DA:39,1
DA:44,20
DA:45,10
LF:18
LH:18
end_of_record
TN:
SF:lib\pages\menu_pages\principal_screen.dart
FNF:0
FNH:0
DA:12,209
DA:14,10
DA:16,10
DA:29,10
DA:31,10
DA:32,30
DA:35,8
DA:36,16
DA:37,8
DA:41,10
DA:43,10
DA:45,10
DA:47,10
DA:50,10
DA:56,10
DA:57,10
DA:83,20
LF:17
LH:17
end_of_record
TN:
SF:lib\pages\profile_pages\diary_screen.dart
FNF:0
FNH:0
DA:12,2
DA:16,2
DA:17,8
DA:18,4
DA:19,2
DA:26,2
DA:28,2
DA:31,4
DA:33,4
DA:34,2
DA:36,1
DA:37,1
DA:38,1
DA:39,1
DA:40,1
DA:42,1
DA:48,1
DA:49,1
DA:56,0
DA:57,0
DA:65,2
DA:67,2
DA:68,2
DA:75,2
DA:76,1
DA:77,1
DA:79,1
DA:80,1
DA:92,2
DA:93,2
DA:94,2
DA:95,4
DA:97,2
DA:98,0
DA:99,0
DA:100,0
DA:104,6
DA:113,2
DA:114,2
DA:116,4
DA:117,2
DA:118,2
DA:121,8
DA:122,2
DA:123,4
DA:125,6
DA:128,4
DA:129,2
DA:130,1
DA:131,5
DA:134,4
DA:135,5
DA:136,1
DA:137,1
DA:138,2
DA:139,3
DA:143,2
DA:145,2
DA:146,2
DA:147,2
DA:148,2
DA:149,2
DA:151,2
DA:152,6
DA:154,1
DA:155,2
DA:162,2
DA:166,2
DA:181,2
DA:182,2
DA:183,2
DA:184,2
DA:186,2
DA:187,2
DA:188,2
DA:190,1
DA:191,1
DA:193,2
DA:197,2
DA:201,2
DA:206,2
DA:207,4
DA:208,2
DA:209,2
DA:218,1
DA:219,1
DA:220,0
DA:221,0
DA:223,0
DA:224,0
DA:225,0
DA:230,0
DA:231,0
DA:232,0
DA:233,0
DA:238,1
DA:248,1
DA:249,1
DA:251,2
DA:253,8
DA:255,2
DA:258,2
DA:259,2
DA:265,1
DA:266,1
DA:271,1
DA:272,2
DA:284,1
DA:285,1
DA:286,1
DA:287,4
DA:296,1
DA:301,1
DA:302,1
DA:307,1
DA:310,1
DA:311,1
DA:312,1
DA:313,1
DA:314,1
DA:348,1
LF:121
LH:107
end_of_record
TN:
SF:lib\pages\profile_pages\edit_profile_screen.dart
FNF:0
FNH:0
DA:17,2
DA:19,2
DA:21,2
DA:33,2
DA:35,2
DA:36,10
DA:37,10
DA:38,10
DA:39,8
DA:42,1
DA:44,2
DA:45,2
DA:46,2
DA:47,1
DA:50,0
DA:65,1
DA:66,3
DA:68,4
DA:69,0
DA:71,0
DA:81,4
DA:82,0
DA:84,0
DA:94,4
DA:95,0
DA:97,0
DA:108,8
DA:109,2
DA:110,2
DA:111,2
DA:112,1
DA:115,2
DA:117,0
DA:118,0
DA:120,0
DA:130,2
DA:132,2
DA:133,0
DA:134,0
DA:137,2
DA:139,2
DA:140,2
DA:142,0
DA:143,0
DA:144,0
DA:150,2
DA:151,0
DA:153,0
DA:155,2
DA:158,2
DA:159,2
DA:160,2
DA:161,2
DA:165,2
DA:167,4
DA:168,0
DA:169,0
DA:170,2
DA:173,2
DA:175,4
DA:176,0
DA:177,0
DA:178,2
DA:181,2
DA:183,4
DA:185,0
DA:186,0
DA:187,2
DA:190,2
DA:192,2
DA:193,2
DA:194,2
DA:195,0
DA:196,0
DA:198,0
DA:200,0
DA:201,0
DA:202,0
DA:206,0
DA:207,0
DA:209,0
DA:219,0
DA:221,0
DA:222,0
DA:228,2
DA:231,2
DA:232,2
DA:248,2
DA:249,2
DA:250,1
DA:251,2
DA:252,1
DA:254,2
DA:257,2
DA:258,2
DA:276,2
DA:277,2
DA:278,2
DA:281,2
DA:282,2
LF:100
LH:65
end_of_record
TN:
SF:lib\pages\profile_pages\favorites_screen.dart
FNF:0
FNH:0
DA:10,2
DA:14,2
DA:15,8
DA:16,2
DA:20,2
DA:22,2
DA:25,4
DA:27,4
DA:28,2
DA:30,1
DA:31,1
DA:32,1
DA:33,1
DA:34,1
DA:36,1
DA:43,1
DA:44,1
DA:52,0
DA:53,0
DA:62,0
DA:66,0
DA:68,0
DA:70,0
DA:72,0
DA:73,0
DA:74,0
DA:75,0
DA:78,0
DA:79,0
DA:80,0
DA:90,0
DA:93,0
DA:94,0
DA:95,0
DA:96,0
DA:97,0
DA:98,0
DA:99,0
DA:100,0
DA:101,0
DA:103,0
DA:104,0
DA:105,0
DA:106,0
DA:110,0
DA:111,0
DA:112,0
DA:113,0
DA:114,0
DA:115,0
DA:121,0
DA:122,0
DA:123,0
DA:124,0
DA:125,0
DA:126,0
DA:132,0
DA:147,0
DA:152,2
DA:154,2
DA:155,2
DA:162,2
DA:163,1
DA:164,1
DA:166,1
DA:167,1
DA:179,2
DA:180,2
DA:181,2
DA:182,4
DA:184,1
DA:185,0
DA:186,0
DA:187,0
DA:191,3
DA:200,1
DA:202,1
DA:204,1
DA:205,1
DA:206,1
DA:207,1
DA:209,1
DA:210,1
DA:211,1
DA:212,1
DA:214,1
DA:215,0
DA:216,0
DA:219,0
DA:226,0
DA:228,0
DA:231,0
DA:233,0
DA:234,0
DA:242,0
DA:250,1
DA:258,1
DA:259,1
DA:261,1
DA:262,4
DA:263,1
DA:266,1
DA:267,1
DA:273,1
DA:274,1
DA:277,1
DA:278,1
DA:279,1
DA:280,1
DA:281,1
DA:299,1
DA:300,1
DA:301,1
DA:302,3
DA:311,1
DA:314,1
DA:315,1
DA:318,1
LF:118
LH:65
end_of_record
TN:
SF:lib\pages\profile_pages\friends_screen.dart
FNF:0
FNH:0
DA:4,33
DA:6,1
LF:2
LH:2
end_of_record
TN:
SF:lib\pages\profile_pages\profile_screen.dart
FNF:0
FNH:0
DA:13,33
DA:15,8
DA:17,8
DA:25,8
DA:27,8
DA:28,22
DA:29,7
DA:32,7
DA:34,7
DA:35,7
DA:36,21
DA:37,7
DA:38,7
DA:41,14
DA:42,28
DA:43,0
DA:44,0
DA:46,14
DA:47,7
DA:50,0
DA:54,7
DA:56,14
DA:57,0
DA:59,7
DA:60,7
DA:61,14
DA:62,7
DA:64,14
DA:65,19
DA:66,5
DA:67,10
DA:68,7
DA:70,7
DA:71,7
DA:72,14
DA:73,7
DA:75,7
DA:76,10
DA:77,2
DA:78,7
DA:80,7
DA:86,0
DA:87,0
DA:91,7
DA:93,7
DA:97,7
DA:99,7
DA:101,7
DA:103,7
DA:105,7
DA:107,7
DA:108,14
DA:109,2
DA:110,2
DA:112,2
DA:113,6
DA:118,2
DA:119,2
DA:120,1
DA:126,7
DA:127,7
DA:129,7
DA:130,7
DA:131,14
DA:139,7
DA:140,14
DA:148,7
DA:149,14
DA:174,7
DA:177,7
DA:179,7
DA:180,7
DA:185,7
DA:186,7
DA:188,7
DA:189,7
DA:190,7
DA:191,14
DA:193,7
DA:194,0
DA:197,7
DA:198,0
DA:203,7
DA:205,7
DA:206,7
DA:208,14
DA:210,7
DA:212,14
DA:214,7
DA:216,14
DA:225,7
DA:227,7
DA:229,7
DA:238,7
DA:239,14
DA:247,7
DA:250,1
DA:251,1
DA:254,3
DA:257,1
DA:258,1
DA:259,1
DA:260,1
DA:262,3
DA:263,1
DA:264,1
DA:265,1
DA:266,1
DA:267,1
DA:268,2
DA:269,1
DA:271,1
DA:274,1
DA:276,1
DA:277,2
DA:284,0
DA:285,0
DA:286,0
DA:292,7
DA:295,1
DA:296,1
DA:299,3
DA:302,1
DA:303,1
DA:304,1
DA:305,1
DA:307,1
DA:308,1
DA:309,2
DA:313,1
DA:315,1
DA:316,2
DA:323,0
DA:324,0
DA:325,0
DA:337,7
DA:341,6
DA:342,12
DA:343,12
DA:356,7
DA:360,7
DA:362,7
DA:364,7
DA:365,7
DA:366,7
DA:367,7
DA:368,7
DA:376,7
DA:377,7
DA:390,33
DA:392,7
DA:411,7
DA:417,7
DA:419,7
DA:421,7
DA:422,7
DA:424,7
DA:427,7
DA:428,7
DA:429,14
DA:431,21
DA:433,7
DA:434,7
DA:438,7
DA:441,7
DA:442,7
DA:443,7
LF:167
LH:153
end_of_record
TN:
SF:lib\widgets\film_widgets\movie_slider.dart
FNF:0
FNH:0
DA:11,1
DA:16,0
DA:18,0
DA:20,0
DA:22,0
DA:25,0
DA:26,0
DA:27,0
DA:28,0
DA:31,0
DA:32,0
DA:33,0
DA:34,0
DA:35,0
DA:36,0
DA:37,0
DA:38,0
DA:39,0
DA:40,0
DA:41,0
DA:45,0
DA:46,0
DA:47,0
DA:48,0
DA:49,0
DA:50,0
DA:56,0
DA:57,0
DA:58,0
DA:59,0
DA:60,0
DA:61,0
DA:62,0
DA:68,0
DA:74,1
DA:76,1
DA:79,1
DA:82,2
DA:83,1
DA:84,1
DA:86,1
DA:87,0
DA:89,0
DA:90,0
DA:91,0
DA:93,0
DA:94,0
DA:102,0
DA:105,1
DA:106,1
DA:107,1
DA:110,1
DA:113,4
LF:53
LH:13
end_of_record
TN:
SF:lib\widgets\film_widgets\room_widget.dart
FNF:0
FNH:0
DA:12,1
DA:13,1
DA:16,1
DA:17,1
DA:18,1
DA:20,1
DA:22,1
DA:23,1
DA:28,1
DA:30,1
DA:36,1
DA:51,1
DA:52,1
DA:54,1
DA:55,1
DA:56,1
DA:57,1
DA:59,1
DA:61,1
DA:63,1
DA:64,1
DA:69,1
DA:71,1
DA:87,1
DA:97,1
DA:99,1
DA:100,1
DA:101,0
DA:102,0
DA:104,1
DA:107,1
DA:108,1
DA:124,1
DA:125,1
DA:127,2
DA:129,2
DA:133,1
DA:134,1
DA:136,0
DA:137,0
DA:147,0
DA:148,0
DA:150,0
DA:151,0
DA:161,1
DA:164,1
DA:165,1
DA:192,1
DA:208,1
DA:210,1
DA:220,1
DA:222,1
DA:223,4
DA:224,4
DA:225,4
DA:226,4
DA:228,4
DA:229,1
DA:231,5
DA:235,2
DA:240,1
DA:243,2
DA:244,1
DA:247,0
DA:249,0
DA:251,0
DA:253,0
DA:257,0
DA:259,0
DA:260,0
DA:263,0
DA:267,1
DA:269,1
DA:270,1
DA:271,1
DA:273,1
DA:275,1
DA:277,1
DA:278,1
DA:283,1
DA:285,1
DA:301,1
DA:302,1
DA:312,1
DA:313,0
DA:314,0
DA:316,1
DA:319,1
DA:321,1
DA:322,1
DA:327,1
DA:328,2
DA:345,1
DA:347,1
DA:356,1
DA:357,3
DA:358,1
DA:359,2
DA:363,1
DA:364,3
DA:367,1
DA:370,1
DA:372,1
DA:373,2
DA:374,1
DA:375,1
DA:378,1
DA:379,1
DA:387,1
DA:395,1
DA:397,1
DA:402,2
DA:403,1
DA:404,1
DA:405,1
DA:406,1
DA:407,3
DA:408,1
DA:411,2
DA:412,1
DA:415,1
DA:416,3
DA:418,2
DA:420,3
DA:422,0
DA:426,2
DA:427,0
DA:428,0
DA:429,0
DA:430,0
DA:432,0
DA:435,0
DA:436,0
DA:438,0
DA:439,0
DA:440,0
DA:441,0
DA:443,0
DA:449,2
DA:450,1
DA:451,1
DA:456,1
DA:459,1
DA:460,1
DA:476,0
DA:477,0
DA:478,0
DA:481,0
DA:482,0
DA:483,0
DA:484,0
DA:487,0
DA:488,0
DA:489,0
DA:498,0
DA:501,0
DA:504,0
DA:505,0
DA:507,0
DA:509,0
DA:511,0
DA:512,0
DA:515,0
DA:516,0
DA:521,0
DA:523,0
DA:524,0
DA:525,0
DA:527,0
DA:529,0
DA:531,0
DA:532,0
DA:535,0
DA:542,0
DA:552,0
DA:555,0
DA:558,0
DA:559,0
DA:575,1
DA:576,1
DA:577,5
DA:597,0
DA:598,0
DA:599,0
DA:600,0
DA:601,0
DA:602,0
DA:606,0
DA:607,0
DA:608,0
DA:610,0
DA:611,0
DA:612,0
DA:614,0
DA:615,0
DA:616,0
DA:618,0
DA:625,0
DA:626,0
DA:627,0
DA:631,0
DA:632,0
DA:633,0
DA:634,0
DA:639,0
DA:641,0
DA:643,0
DA:645,0
DA:646,0
DA:647,0
DA:648,0
DA:652,0
DA:653,0
DA:654,0
DA:655,0
DA:656,0
DA:657,0
DA:664,0
DA:665,0
DA:666,0
DA:667,0
DA:668,0
DA:669,0
DA:670,0
DA:671,0
DA:672,0
DA:677,0
DA:678,0
DA:679,0
DA:680,0
DA:681,0
DA:682,0
DA:683,0
DA:689,0
DA:693,0
DA:698,0
DA:699,0
DA:700,0
DA:701,0
DA:703,0
DA:704,0
DA:707,0
DA:711,0
DA:714,0
DA:719,0
DA:721,0
DA:726,0
DA:727,0
DA:730,0
DA:731,0
DA:733,0
DA:734,0
DA:736,0
DA:738,0
DA:739,0
LF:255
LH:116
end_of_record
TN:
SF:lib\widgets\film_widgets\search_bar.dart
FNF:0
FNH:0
DA:15,13
DA:17,13
DA:19,13
DA:29,1
DA:30,2
DA:34,4
DA:36,4
DA:38,8
DA:40,8
DA:41,8
DA:42,4
DA:45,8
DA:47,8
DA:48,4
DA:49,4
DA:50,4
DA:51,8
DA:53,12
DA:54,4
DA:55,4
DA:56,4
DA:57,4
DA:58,8
DA:59,4
DA:63,4
DA:70,12
DA:74,0
DA:79,1
DA:83,1
DA:85,1
DA:87,1
DA:90,2
DA:91,2
DA:92,2
DA:93,2
DA:96,1
DA:97,1
DA:98,1
DA:102,2
DA:103,2
DA:104,1
DA:105,2
DA:106,2
DA:107,1
DA:115,1
DA:120,2
DA:121,2
DA:122,1
DA:123,1
DA:124,1
DA:126,1
DA:127,1
DA:128,3
DA:129,1
DA:134,2
DA:135,2
DA:136,1
DA:137,2
DA:138,4
DA:139,2
DA:146,2
DA:147,2
DA:148,1
DA:149,1
DA:150,1
DA:151,1
DA:152,1
DA:153,1
DA:158,0
DA:162,10
DA:164,10
DA:165,0
DA:166,0
DA:167,0
DA:169,10
DA:171,10
DA:172,10
DA:173,10
DA:175,30
DA:176,10
DA:177,10
DA:180,10
DA:182,10
DA:183,0
DA:184,0
DA:186,0
DA:187,0
DA:188,0
DA:191,0
DA:192,0
DA:193,0
DA:197,1
DA:198,1
DA:199,1
DA:200,2
DA:202,1
DA:203,1
DA:204,1
DA:207,3
DA:208,0
DA:209,0
DA:212,2
DA:213,3
DA:219,10
DA:220,10
DA:221,1
DA:222,1
DA:234,2
DA:235,2
DA:236,3
DA:237,3
DA:240,10
DA:243,10
DA:251,20
DA:262,40
DA:263,1
DA:264,2
DA:265,1
DA:266,2
DA:267,1
DA:269,1
DA:270,2
DA:273,1
DA:275,4
DA:276,1
DA:277,0
DA:278,0
DA:280,0
DA:282,0
DA:283,0
DA:284,0
DA:291,1
DA:296,3
DA:302,1
DA:303,1
DA:304,1
DA:305,1
DA:306,4
DA:307,4
DA:309,1
DA:312,1
DA:313,1
DA:323,1
DA:324,1
DA:329,1
DA:330,1
DA:331,3
DA:344,1
DA:345,1
DA:346,1
DA:347,6
DA:356,1
DA:361,1
DA:362,1
DA:365,1
DA:367,1
DA:368,1
DA:369,1
DA:370,2
DA:371,1
DA:372,1
DA:404,1
LF:162
LH:141
end_of_record
TN:
SF:lib\widgets\film_widgets\swiper.dart
FNF:0
FNH:0
DA:13,2
DA:18,2
DA:19,2
DA:27,2
DA:29,6
DA:30,1
DA:32,1
DA:34,1
DA:35,1
DA:36,1
DA:37,1
DA:39,4
DA:40,1
DA:41,1
DA:42,4
DA:43,1
DA:45,5
DA:46,1
DA:48,4
DA:49,4
DA:50,4
DA:51,4
DA:58,1
DA:59,2
DA:62,5
DA:64,0
DA:67,0
DA:68,0
DA:69,0
DA:71,0
DA:73,0
DA:74,0
DA:79,0
DA:81,0
DA:100,0
DA:101,0
DA:102,0
DA:104,0
DA:105,0
DA:109,0
DA:111,0
DA:114,0
DA:115,0
DA:116,0
DA:128,0
DA:130,0
DA:131,0
DA:135,0
DA:137,0
DA:140,0
DA:141,0
DA:142,0
DA:143,0
DA:144,0
DA:145,0
DA:168,1
DA:169,1
DA:173,2
DA:174,1
DA:176,1
DA:178,1
DA:179,2
DA:180,3
DA:186,1
DA:187,1
DA:191,2
DA:192,1
DA:202,1
DA:204,1
DA:206,1
DA:207,1
DA:208,1
DA:209,2
DA:211,1
DA:214,1
DA:215,1
DA:228,1
DA:229,1
DA:230,2
DA:232,1
DA:235,1
DA:236,1
DA:276,1
DA:285,1
DA:287,1
DA:288,1
DA:289,1
DA:291,1
DA:295,1
DA:297,1
DA:298,1
DA:299,1
DA:300,1
DA:302,0
DA:314,1
DA:316,1
DA:318,1
DA:322,1
DA:324,1
DA:328,1
DA:330,1
DA:331,1
DA:342,1
DA:343,1
DA:344,1
DA:345,1
DA:357,1
DA:359,1
DA:360,1
DA:361,2
DA:367,1
DA:368,3
LF:112
LH:81
end_of_record
TN:
SF:lib\widgets\film_widgets\swiper_grupal.dart
FNF:0
FNH:0
DA:16,0
DA:23,0
DA:24,0
DA:32,0
DA:34,0
DA:35,0
DA:37,0
DA:39,0
DA:40,0
DA:41,0
DA:42,0
DA:44,0
DA:45,0
DA:46,0
DA:47,0
DA:48,0
DA:50,0
DA:51,0
DA:53,0
DA:54,0
DA:55,0
DA:56,0
DA:63,0
DA:64,0
DA:67,0
DA:68,0
DA:69,0
DA:73,0
DA:74,0
DA:76,0
DA:77,0
DA:79,0
DA:80,0
DA:81,0
DA:85,0
DA:86,0
DA:88,0
DA:89,0
DA:94,0
DA:95,0
DA:96,0
DA:97,0
DA:99,0
DA:100,0
DA:103,0
DA:104,0
DA:105,0
DA:106,0
DA:108,0
DA:110,0
DA:113,0
DA:114,0
DA:116,0
DA:127,0
DA:129,0
DA:131,0
DA:132,0
DA:133,0
DA:147,0
DA:149,0
DA:151,0
DA:152,0
DA:153,0
DA:154,0
DA:156,0
DA:159,0
DA:160,0
DA:173,0
DA:174,0
DA:175,0
DA:177,0
DA:180,0
DA:181,0
DA:213,0
DA:215,0
DA:218,0
DA:219,0
DA:220,0
DA:221,0
DA:223,0
DA:224,0
DA:227,0
DA:229,0
DA:230,0
DA:231,0
DA:233,0
DA:246,0
DA:255,0
DA:257,0
DA:258,0
DA:259,0
DA:261,0
DA:265,0
DA:267,0
DA:268,0
DA:269,0
DA:270,0
DA:272,0
DA:284,0
DA:286,0
DA:288,0
DA:292,0
DA:294,0
DA:298,0
DA:300,0
DA:301,0
DA:312,0
DA:313,0
DA:314,0
DA:315,0
DA:327,0
DA:329,0
DA:330,0
DA:331,0
DA:337,0
DA:338,0
LF:116
LH:0
end_of_record
TN:
SF:lib\widgets\film_widgets\trending_slider.dart
FNF:0
FNH:0
DA:12,1
DA:17,0
DA:19,0
DA:21,0
DA:23,0
DA:26,0
DA:27,0
DA:28,0
DA:29,0
DA:32,0
DA:33,0
DA:34,0
DA:35,0
DA:36,0
DA:37,0
DA:38,0
DA:39,0
DA:40,0
DA:41,0
DA:42,0
DA:46,0
DA:47,0
DA:48,0
DA:49,0
DA:50,0
DA:51,0
DA:57,0
DA:58,0
DA:59,0
DA:60,0
DA:61,0
DA:62,0
DA:63,0
DA:69,0
DA:75,1
DA:77,1
DA:79,1
DA:80,2
DA:81,1
DA:90,1
DA:91,1
DA:92,0
DA:94,0
DA:95,0
DA:96,0
DA:98,0
DA:99,0
DA:107,0
DA:110,1
DA:111,1
DA:112,1
DA:115,1
DA:118,4
LF:53
LH:13
end_of_record
TN:
SF:lib\widgets\filters_widgets\card_filter_widget.dart
FNF:0
FNH:0
DA:10,11
DA:17,11
DA:18,11
DA:21,11
DA:23,11
DA:27,11
DA:30,11
DA:33,11
DA:34,11
DA:35,22
DA:40,11
DA:41,11
DA:42,11
DA:55,11
DA:56,11
DA:59,11
DA:61,11
DA:65,11
DA:68,11
DA:71,11
DA:72,11
DA:73,22
DA:78,11
DA:79,11
DA:80,11
DA:93,11
DA:95,11
DA:96,11
DA:97,11
DA:98,11
LF:30
LH:30
end_of_record
TN:
SF:lib\widgets\filters_widgets\filters_widget.dart
FNF:0
FNH:0
DA:13,35
DA:15,11
DA:17,11
DA:35,11
DA:37,11
DA:38,22
DA:39,22
DA:42,10
DA:44,20
DA:45,20
DA:46,20
DA:47,10
DA:50,1
DA:51,1
DA:54,1
DA:55,1
DA:56,0
DA:57,0
DA:60,1
DA:63,1
DA:64,1
DA:65,1
DA:66,1
DA:73,1
DA:74,1
DA:77,1
DA:78,1
DA:80,1
DA:81,1
DA:83,1
DA:85,1
DA:86,1
DA:115,11
DA:117,11
DA:119,11
DA:121,11
DA:123,11
DA:127,11
DA:130,11
DA:132,11
DA:144,33
DA:145,11
DA:147,25
DA:148,3
DA:150,25
DA:151,3
DA:153,23
DA:154,1
DA:156,23
DA:157,1
DA:165,11
DA:166,11
DA:168,11
DA:183,11
DA:184,11
DA:188,11
DA:190,11
DA:191,11
DA:193,11
DA:194,11
DA:195,11
DA:196,2
DA:197,6
DA:198,4
DA:199,10
DA:201,0
DA:202,0
DA:204,4
DA:210,11
DA:211,0
DA:212,0
DA:213,0
DA:214,0
DA:215,0
DA:217,0
DA:218,0
DA:226,11
DA:227,2
DA:228,6
DA:229,4
DA:230,10
DA:232,0
DA:233,0
DA:235,4
DA:241,11
DA:242,0
DA:243,0
DA:244,0
DA:245,0
DA:246,0
DA:248,0
DA:249,0
DA:257,11
DA:258,0
DA:259,0
DA:260,0
DA:261,0
DA:262,0
DA:264,0
DA:265,0
DA:273,11
DA:274,0
DA:275,0
DA:276,0
DA:277,0
DA:278,0
DA:280,0
DA:281,0
DA:289,11
DA:290,0
DA:291,0
DA:292,0
DA:293,0
DA:294,0
DA:296,0
DA:297,0
DA:305,11
DA:306,0
DA:307,0
DA:308,0
DA:309,0
DA:310,0
DA:312,0
DA:313,0
DA:321,11
DA:322,0
DA:323,0
DA:324,0
DA:325,0
DA:326,0
DA:328,0
DA:329,0
DA:337,11
DA:338,0
DA:339,0
DA:340,0
DA:341,0
DA:342,0
DA:344,0
DA:345,0
DA:353,11
DA:354,0
DA:355,0
DA:356,0
DA:357,0
DA:358,0
DA:360,0
DA:361,0
DA:369,11
DA:370,0
DA:371,0
DA:372,0
DA:373,0
DA:374,0
DA:376,0
DA:377,0
DA:385,11
DA:386,0
DA:387,0
DA:388,0
DA:389,0
DA:390,0
DA:392,0
DA:393,0
DA:401,11
DA:402,0
DA:403,0
DA:404,0
DA:405,0
DA:406,0
DA:408,0
DA:409,0
DA:417,11
DA:418,0
DA:419,0
DA:420,0
DA:421,0
DA:422,0
DA:424,0
DA:425,0
DA:433,11
DA:434,0
DA:435,0
DA:436,0
DA:437,0
DA:438,0
DA:440,0
DA:441,0
DA:449,11
DA:450,0
DA:451,0
DA:452,0
DA:453,0
DA:454,0
DA:456,0
DA:457,0
DA:465,11
DA:466,0
DA:467,0
DA:468,0
DA:469,0
DA:470,0
DA:472,0
DA:473,0
DA:481,11
DA:482,0
DA:483,0
DA:484,0
DA:485,0
DA:486,0
DA:488,0
DA:489,0
DA:504,11
DA:505,3
DA:506,6
DA:507,6
DA:508,6
DA:511,11
DA:514,11
DA:515,11
DA:535,3
DA:536,3
DA:538,3
DA:553,3
DA:554,3
DA:558,3
DA:560,3
DA:561,3
DA:563,3
DA:564,3
DA:565,3
DA:566,2
DA:567,4
DA:568,6
DA:569,4
DA:570,10
DA:572,0
DA:573,0
DA:581,3
DA:582,0
DA:583,0
DA:584,0
DA:585,0
DA:587,0
DA:588,0
DA:590,0
DA:596,3
DA:597,0
DA:598,0
DA:599,0
DA:600,0
DA:602,0
DA:603,0
DA:605,0
DA:611,3
DA:612,0
DA:613,0
DA:614,0
DA:615,0
DA:616,0
DA:618,0
DA:619,0
DA:627,3
DA:628,0
DA:629,0
DA:630,0
DA:631,0
DA:632,0
DA:634,0
DA:635,0
DA:650,3
DA:652,3
DA:653,3
DA:654,0
DA:655,0
DA:656,0
DA:657,0
DA:658,0
DA:659,0
DA:662,3
DA:665,3
DA:666,3
DA:682,3
DA:683,3
DA:684,6
DA:686,6
DA:687,6
DA:690,3
DA:693,3
DA:694,3
DA:716,3
DA:717,3
DA:719,3
DA:734,3
DA:736,3
DA:737,3
DA:738,3
DA:739,3
DA:740,1
DA:742,2
DA:746,1
DA:748,2
DA:749,0
DA:751,4
DA:755,3
DA:758,1
DA:759,1
DA:760,1
DA:761,2
DA:762,1
DA:767,2
DA:768,1
DA:772,0
DA:775,0
DA:783,3
DA:785,3
DA:787,3
DA:791,3
DA:822,3
DA:823,3
DA:824,1
DA:825,2
DA:826,2
DA:829,3
DA:831,3
DA:833,3
DA:837,3
DA:871,3
DA:872,0
DA:873,0
DA:875,0
DA:878,3
DA:881,3
DA:882,3
DA:902,1
DA:903,1
DA:905,1
DA:920,1
DA:922,1
DA:923,1
DA:924,1
DA:925,1
DA:926,1
DA:927,2
DA:928,2
DA:931,1
DA:933,1
DA:935,1
DA:939,1
DA:970,1
DA:971,1
DA:972,1
DA:973,1
DA:975,2
DA:976,1
DA:980,2
DA:983,1
DA:984,3
DA:985,2
DA:987,0
DA:988,0
DA:989,0
DA:991,0
DA:995,0
DA:997,2
DA:998,1
DA:1002,1
DA:1004,1
DA:1006,1
DA:1010,1
DA:1044,1
DA:1045,0
DA:1046,0
DA:1048,0
DA:1051,1
DA:1054,1
DA:1055,1
DA:1075,1
DA:1076,1
DA:1078,1
DA:1093,1
DA:1095,1
DA:1096,1
DA:1098,1
DA:1100,1
DA:1104,1
DA:1107,1
DA:1110,1
DA:1122,1
DA:1123,1
DA:1135,1
DA:1137,1
DA:1138,1
DA:1139,1
DA:1140,2
DA:1141,2
DA:1144,1
DA:1147,1
DA:1148,1
DA:1164,1
DA:1165,0
DA:1166,0
DA:1168,0
DA:1170,0
DA:1171,0
DA:1172,0
DA:1173,0
DA:1174,0
DA:1175,0
DA:1178,0
DA:1179,0
DA:1180,0
DA:1181,0
DA:1183,0
DA:1185,0
DA:1186,0
DA:1187,0
DA:1188,0
DA:1189,0
DA:1192,0
DA:1198,0
DA:1199,0
DA:1200,0
DA:1203,0
DA:1204,0
DA:1205,0
DA:1206,0
DA:1211,1
DA:1214,1
DA:1215,1
DA:1239,1
DA:1240,2
DA:1241,3
DA:1242,3
DA:1243,3
DA:1244,3
DA:1247,4
DA:1248,2
DA:1249,2
DA:1251,1
DA:1252,0
DA:1253,0
DA:1255,0
DA:1256,0
DA:1257,0
DA:1259,0
DA:1265,2
DA:1266,2
DA:1267,3
DA:1269,3
DA:1270,2
DA:1271,3
DA:1272,1
DA:1275,2
DA:1277,2
DA:1279,2
DA:1280,2
DA:1281,2
DA:1282,2
DA:1283,2
DA:1285,1
DA:1286,1
DA:1287,1
DA:1288,2
DA:1289,2
DA:1290,1
DA:1291,2
DA:1292,2
DA:1293,2
DA:1298,2
DA:1299,2
DA:1300,2
DA:1301,1
DA:1302,1
DA:1303,2
DA:1304,1
DA:1305,2
DA:1306,3
DA:1307,1
DA:1310,2
DA:1311,2
DA:1312,1
DA:1313,2
DA:1314,4
DA:1315,1
DA:1316,2
DA:1322,0
DA:1324,2
DA:1326,2
DA:1327,2
DA:1328,4
DA:1329,4
DA:1332,0
LF:493
LH:283
end_of_record
TN:
SF:lib\widgets\profile_widgets\change_password_widget.dart
FNF:0
FNH:0
DA:5,0
DA:6,0
DA:9,0
DA:10,0
DA:12,0
DA:13,0
DA:15,0
DA:17,0
DA:18,0
DA:53,1
DA:55,1
DA:57,1
DA:59,1
DA:60,1
DA:70,1
DA:71,1
DA:73,1
DA:74,1
DA:75,1
DA:80,1
DA:86,1
DA:87,1
DA:89,1
DA:90,1
DA:95,1
DA:96,1
DA:104,1
DA:105,1
DA:110,1
DA:116,1
DA:117,1
DA:119,1
DA:120,1
DA:125,1
DA:126,1
DA:134,1
DA:135,1
DA:140,1
DA:146,1
DA:147,1
DA:149,1
DA:150,1
DA:155,1
DA:156,1
DA:166,1
DA:167,1
DA:168,0
DA:169,0
DA:171,0
DA:178,1
DA:179,1
DA:180,5
DA:181,4
DA:183,0
DA:186,0
DA:189,0
DA:190,0
DA:191,0
DA:195,0
DA:198,0
DA:200,0
DA:202,0
DA:205,0
DA:211,0
DA:214,0
DA:216,0
DA:219,0
DA:228,2
DA:230,2
DA:232,2
DA:242,2
DA:244,2
LF:72
LH:46
end_of_record
TN:
SF:lib\widgets\profile_widgets\delete_account_widget.dart
FNF:0
FNH:0
DA:9,1
DA:10,1
DA:13,0
DA:14,0
DA:16,0
DA:17,0
DA:19,0
DA:21,0
DA:22,0
DA:51,2
DA:52,2
DA:54,2
DA:55,2
DA:57,2
DA:58,2
DA:72,2
DA:73,2
DA:74,1
DA:75,2
DA:76,2
DA:83,2
DA:84,1
DA:86,2
DA:89,1
DA:90,4
DA:92,1
DA:94,1
DA:96,1
DA:98,1
DA:99,1
DA:109,1
DA:116,1
DA:120,1
DA:121,1
DA:122,0
DA:128,1
DA:129,1
DA:130,2
DA:143,1
DA:148,1
DA:149,1
DA:153,1
DA:154,0
DA:155,0
DA:158,0
DA:161,0
DA:162,0
DA:166,0
DA:168,0
DA:179,0
DA:180,0
DA:182,0
DA:193,0
DA:195,0
DA:196,0
DA:197,0
DA:201,0
DA:203,0
DA:204,0
DA:206,0
DA:218,1
DA:222,1
DA:223,1
DA:224,2
DA:225,1
DA:227,0
DA:228,0
DA:229,0
DA:230,0
DA:232,0
DA:243,2
DA:246,1
DA:247,2
DA:250,2
DA:251,2
DA:254,0
DA:255,0
DA:257,0
LF:78
LH:44
end_of_record
TN:
SF:lib\widgets\profile_widgets\profile_widget.dart
FNF:0
FNH:0
DA:9,8
DA:16,8
DA:18,8
DA:19,8
DA:20,8
DA:21,8
DA:22,8
DA:24,16
DA:25,4
DA:26,0
DA:27,0
DA:31,0
DA:32,0
DA:35,1
DA:36,3
DA:40,1
DA:41,1
DA:44,8
DA:49,8
DA:50,8
DA:55,8
DA:58,8
DA:59,8
DA:62,8
DA:63,8
DA:66,8
DA:67,8
LF:27
LH:23
end_of_record
TN:
SF:lib\widgets\profile_widgets\text_field_login_widget.dart
FNF:0
FNH:0
DA:8,9
DA:15,9
DA:17,9
DA:19,9
DA:20,9
DA:21,9
DA:23,9
DA:27,9
DA:28,18
DA:30,9
DA:32,9
DA:33,18
LF:12
LH:12
end_of_record
TN:
SF:lib\widgets\profile_widgets\text_field_widget.dart
FNF:0
FNH:0
DA:10,4
DA:19,4
DA:21,4
DA:27,4
DA:29,4
DA:33,15
DA:36,2
DA:39,4
DA:40,2
DA:42,2
DA:45,4
DA:47,4
DA:49,4
DA:50,4
DA:51,8
DA:61,4
DA:62,4
DA:63,8
DA:67,8
DA:68,4
DA:69,4
DA:70,4
DA:72,4
DA:73,4
DA:78,4
DA:79,4
LF:26
LH:26
end_of_record